<?xml version="1.0" encoding="UTF-8"?>
<!-- Generated by org.testng.reporters.JUnitXMLReporter -->
<testsuite hostname="BLRTRIBWDTP" name="PDP" tests="30" failures="0" timestamp="13 Jun 2016 05:51:31 GMT" time="0.049" errors="0">
  <testcase name="@BeforeClass initializeTestBaseSetup" time="0.0" classname="com.dunelm.common.tests.PDPTest">
    <failure type="org.testng.TestNGException" message="
Parameter &amp;apos;browserType&amp;apos; is required by @Configuration on method initializeTestBaseSetup but has not been marked @Optional or defined
in D:\Nithya\DunlemWorkspace\Dunelm Framework (Mobile)\text.xml">
      <![CDATA[org.testng.TestNGException: 
Parameter 'browserType' is required by @Configuration on method initializeTestBaseSetup but has not been marked @Optional or defined
in D:\Nithya\DunlemWorkspace\Dunelm Framework (Mobile)\text.xml
... Removed 21 stack frames]]>
    </failure>
  </testcase> <!-- @BeforeClass initializeTestBaseSetup -->
  <testcase name="navigateToPDP" time="0.0" classname="com.dunelm.common.tests.PDPTest">
    <skipped/>
  </testcase> <!-- navigateToPDP -->
  <testcase name="openDescriptionAccordion" time="0.001" classname="com.dunelm.common.tests.PDPTest">
    <skipped/>
  </testcase> <!-- openDescriptionAccordion -->
  <testcase name="closeDescriptionAccordion" time="0.0" classname="com.dunelm.common.tests.PDPTest">
    <skipped/>
  </testcase> <!-- closeDescriptionAccordion -->
  <testcase name="openFeaturesAccordion" time="0.0" classname="com.dunelm.common.tests.PDPTest">
    <skipped/>
  </testcase> <!-- openFeaturesAccordion -->
  <testcase name="searchProductWithLozenges" time="0.0" classname="com.dunelm.common.tests.PDPTest">
    <skipped/>
  </testcase> <!-- searchProductWithLozenges -->
  <testcase name="clickOnProductToGoToPDP" time="0.0" classname="com.dunelm.common.tests.PDPTest">
    <skipped/>
  </testcase> <!-- clickOnProductToGoToPDP -->
  <testcase name="navigateToPDPWith7To10ColoursAnd1Size" time="0.0" classname="com.dunelm.common.tests.PDPTest">
    <skipped/>
  </testcase> <!-- navigateToPDPWith7To10ColoursAnd1Size -->
  <testcase name="checkColourSelectionControls1" time="0.0" classname="com.dunelm.common.tests.PDPTest">
    <skipped/>
  </testcase> <!-- checkColourSelectionControls1 -->
  <testcase name="selectColorSwatch1" time="0.0" classname="com.dunelm.common.tests.PDPTest">
    <skipped/>
  </testcase> <!-- selectColorSwatch1 -->
  <testcase name="navigateToPDPWith5OrLessColoursAnd1Size" time="0.0" classname="com.dunelm.common.tests.PDPTest">
    <skipped/>
  </testcase> <!-- navigateToPDPWith5OrLessColoursAnd1Size -->
  <testcase name="checkColourSelectionControls2" time="0.0" classname="com.dunelm.common.tests.PDPTest">
    <skipped/>
  </testcase> <!-- checkColourSelectionControls2 -->
  <testcase name="selectColorSwatch2" time="0.0" classname="com.dunelm.common.tests.PDPTest">
    <skipped/>
  </testcase> <!-- selectColorSwatch2 -->
  <testcase name="navigateToPDPWithMultipleSizesNoColor" time="0.0" classname="com.dunelm.common.tests.PDPTest">
    <skipped/>
  </testcase> <!-- navigateToPDPWithMultipleSizesNoColor -->
  <testcase name="checkSizeSelectionControls" time="0.0" classname="com.dunelm.common.tests.PDPTest">
    <skipped/>
  </testcase> <!-- checkSizeSelectionControls -->
  <testcase name="selectSize" time="0.0" classname="com.dunelm.common.tests.PDPTest">
    <skipped/>
  </testcase> <!-- selectSize -->
  <testcase name="PDPWithOver12ColoursAndMultipleSizes" time="0.0" classname="com.dunelm.common.tests.PDPTest">
    <skipped/>
  </testcase> <!-- PDPWithOver12ColoursAndMultipleSizes -->
  <testcase name="colourselectioncontrols" time="0.001" classname="com.dunelm.common.tests.PDPTest">
    <skipped/>
  </testcase> <!-- colourselectioncontrols -->
  <testcase name="Scrollthroughavailableswatches" time="0.0" classname="com.dunelm.common.tests.PDPTest">
    <skipped/>
  </testcase> <!-- Scrollthroughavailableswatches -->
  <testcase name="colourswatch" time="0.0" classname="com.dunelm.common.tests.PDPTest">
    <skipped/>
  </testcase> <!-- colourswatch -->
  <testcase name="checkSizeSelectionControls2" time="0.0" classname="com.dunelm.common.tests.PDPTest">
    <skipped/>
  </testcase> <!-- checkSizeSelectionControls2 -->
  <testcase name="selectSize2" time="0.0" classname="com.dunelm.common.tests.PDPTest">
    <skipped/>
  </testcase> <!-- selectSize2 -->
  <testcase name="PDPSingleoptionproduct" time="0.0" classname="com.dunelm.common.tests.PDPTest">
    <skipped/>
  </testcase> <!-- PDPSingleoptionproduct -->
  <testcase name="addProductToBasket" time="0.0" classname="com.dunelm.common.tests.PDPTest">
    <skipped/>
  </testcase> <!-- addProductToBasket -->
  <testcase name="PDPproductwithcolouroptionsonly" time="0.0" classname="com.dunelm.common.tests.PDPTest">
    <skipped/>
  </testcase> <!-- PDPproductwithcolouroptionsonly -->
  <testcase name="selectColourAndAddToBasket" time="0.0" classname="com.dunelm.common.tests.PDPTest">
    <skipped/>
  </testcase> <!-- selectColourAndAddToBasket -->
  <testcase name="PDPProductSizeOptionOnly" time="0.0" classname="com.dunelm.common.tests.PDPTest">
    <skipped/>
  </testcase> <!-- PDPProductSizeOptionOnly -->
  <testcase name="selectSizeIncreaseAndAddToBasket" time="0.0" classname="com.dunelm.common.tests.PDPTest">
    <skipped/>
  </testcase> <!-- selectSizeIncreaseAndAddToBasket -->
  <testcase name="PDPProductWithBothColourAndSizeOptions" time="0.0" classname="com.dunelm.common.tests.PDPTest">
    <skipped/>
  </testcase> <!-- PDPProductWithBothColourAndSizeOptions -->
  <testcase name="selectAndAddToBasket" time="0.0" classname="com.dunelm.common.tests.PDPTest">
    <skipped/>
  </testcase> <!-- selectAndAddToBasket -->
  <testcase name="gotoSecureCheckoutButton" time="0.0" classname="com.dunelm.common.tests.PDPTest">
    <skipped/>
  </testcase> <!-- gotoSecureCheckoutButton -->
</testsuite> <!-- PDP -->
